mode: set
github.com/zendesk/consul2dogstats/consul2dogstats/collector.go:29.53,39.16 7 0
github.com/zendesk/consul2dogstats/consul2dogstats/collector.go:43.2,47.15 4 0
github.com/zendesk/consul2dogstats/consul2dogstats/collector.go:39.16,41.3 1 0
github.com/zendesk/consul2dogstats/consul2dogstats/collector.go:50.82,51.15 1 1
github.com/zendesk/consul2dogstats/consul2dogstats/collector.go:57.2,57.6 1 1
github.com/zendesk/consul2dogstats/consul2dogstats/collector.go:51.15,52.23 1 1
github.com/zendesk/consul2dogstats/consul2dogstats/collector.go:52.23,54.4 1 1
github.com/zendesk/consul2dogstats/consul2dogstats/collector.go:57.6,62.17 5 1
github.com/zendesk/consul2dogstats/consul2dogstats/collector.go:65.3,72.10 5 1
github.com/zendesk/consul2dogstats/consul2dogstats/collector.go:62.17,64.4 1 0
github.com/zendesk/consul2dogstats/consul2dogstats/collector.go:73.26,76.14 3 0
github.com/zendesk/consul2dogstats/consul2dogstats/collector.go:77.19,82.9 5 0
github.com/zendesk/consul2dogstats/consul2dogstats/collector.go:83.17,85.14 2 1
github.com/zendesk/consul2dogstats/consul2dogstats/collector.go:90.78,96.16 5 1
github.com/zendesk/consul2dogstats/consul2dogstats/collector.go:99.2,102.6 3 1
github.com/zendesk/consul2dogstats/consul2dogstats/collector.go:96.16,98.3 1 0
github.com/zendesk/consul2dogstats/consul2dogstats/collector.go:102.6,104.52 2 1
github.com/zendesk/consul2dogstats/consul2dogstats/collector.go:107.3,107.10 1 1
github.com/zendesk/consul2dogstats/consul2dogstats/collector.go:114.3,115.17 2 1
github.com/zendesk/consul2dogstats/consul2dogstats/collector.go:119.3,121.37 2 1
github.com/zendesk/consul2dogstats/consul2dogstats/collector.go:183.3,183.62 1 1
github.com/zendesk/consul2dogstats/consul2dogstats/collector.go:104.52,106.4 1 1
github.com/zendesk/consul2dogstats/consul2dogstats/collector.go:108.21,109.10 1 0
github.com/zendesk/consul2dogstats/consul2dogstats/collector.go:110.19,110.19 0 1
github.com/zendesk/consul2dogstats/consul2dogstats/collector.go:115.17,117.4 1 0
github.com/zendesk/consul2dogstats/consul2dogstats/collector.go:121.37,123.18 2 1
github.com/zendesk/consul2dogstats/consul2dogstats/collector.go:132.4,134.40 2 1
github.com/zendesk/consul2dogstats/consul2dogstats/collector.go:163.4,163.64 1 1
github.com/zendesk/consul2dogstats/consul2dogstats/collector.go:123.18,125.5 1 0
github.com/zendesk/consul2dogstats/consul2dogstats/collector.go:134.40,140.48 4 1
github.com/zendesk/consul2dogstats/consul2dogstats/collector.go:146.5,146.40 1 1
github.com/zendesk/consul2dogstats/consul2dogstats/collector.go:153.5,153.40 1 1
github.com/zendesk/consul2dogstats/consul2dogstats/collector.go:160.5,160.50 1 1
github.com/zendesk/consul2dogstats/consul2dogstats/collector.go:140.48,142.72 2 1
github.com/zendesk/consul2dogstats/consul2dogstats/collector.go:142.72,144.7 1 1
github.com/zendesk/consul2dogstats/consul2dogstats/collector.go:146.40,148.36 1 1
github.com/zendesk/consul2dogstats/consul2dogstats/collector.go:148.36,150.21 2 1
github.com/zendesk/consul2dogstats/consul2dogstats/collector.go:153.40,155.35 1 1
github.com/zendesk/consul2dogstats/consul2dogstats/collector.go:155.35,157.21 2 0
github.com/zendesk/consul2dogstats/consul2dogstats/collector.go:163.64,164.51 1 1
github.com/zendesk/consul2dogstats/consul2dogstats/collector.go:164.51,180.6 3 1
github.com/zendesk/consul2dogstats/consul2dogstats/collector.go:183.62,185.4 1 0
